<?xml version="1.0" encoding="UTF-8"?>
<!-- Generated by org.testng.reporters.JUnitReportReporter -->
<testsuite hostname="LAPTOP-NHN3ETP0" failures="0" tests="4" name="day8.New$Before_After_Method" time="0.049" errors="0" timestamp="2023-07-14T17:27:31 IST" skipped="0">
  <testcase classname="day8.New$Before_After_Method" name="performance_glitch_user" time="0.016"/>
  <testcase classname="day8.New$Before_After_Method" name="Standard_user" time="0.010"/>
  <testcase classname="day8.New$Before_After_Method" name="lockedOut_user" time="0.010"/>
  <testcase classname="day8.New$Before_After_Method" name="problem_user" time="0.013"/>
</testsuite> <!-- day8.New$Before_After_Method -->
