<?xml version="1.0" encoding="UTF-8"?>
<!-- Generated by org.testng.reporters.JUnitReportReporter -->
<testsuite hostname="LAPTOP-NHN3ETP0" failures="0" tests="1" name="day1.DragAndDrop" time="7.355" errors="0" timestamp="2023-06-11T21:12:06 IST" skipped="0">
  <testcase classname="day1.DragAndDrop" name="Tc1" time="7.355"/>
  <system-out/>
</testsuite> <!-- day1.DragAndDrop -->
