<?xml version="1.0" encoding="UTF-8"?>
<!-- Generated by org.testng.reporters.JUnitReportReporter -->
<testsuite hostname="LAPTOP-NHN3ETP0" failures="0" tests="1" name="day2.MouseHover" time="9.570" errors="0" timestamp="2023-06-16T11:24:35 IST" skipped="0">
  <testcase classname="day2.MouseHover" name="Tc1" time="9.570"/>
  <system-out/>
</testsuite> <!-- day2.MouseHover -->
