<?xml version="1.0" encoding="UTF-8"?>
<!-- Generated by org.testng.reporters.JUnitReportReporter -->
<testsuite hostname="LAPTOP-NHN3ETP0" failures="0" tests="1" name="day1.FindLinksFromPage" time="10.989" errors="0" timestamp="2023-06-11T21:42:57 IST" skipped="0">
  <testcase classname="day1.FindLinksFromPage" name="Tc1" time="10.989"/>
  <system-out/>
</testsuite> <!-- day1.FindLinksFromPage -->
