<?xml version="1.0" encoding="UTF-8"?>
<!-- Generated by org.testng.reporters.JUnitReportReporter -->
<testsuite hostname="LAPTOP-NHN3ETP0" failures="0" tests="1" name="day1.Popup" time="5.274" errors="0" timestamp="2023-06-12T08:43:32 IST" skipped="0">
  <testcase classname="day1.Popup" name="Tc1" time="5.274"/>
  <system-out/>
</testsuite> <!-- day1.Popup -->
