<?xml version="1.0" encoding="UTF-8"?>
<!-- Generated by org.testng.reporters.JUnitReportReporter -->
<testsuite hostname="LAPTOP-NHN3ETP0" failures="0" tests="1" name="day6.Properties1" time="3.125" errors="0" timestamp="2023-07-06T12:18:12 IST" skipped="0">
  <testcase classname="day6.Properties1" name="TC1" time="3.125"/>
  <system-out/>
</testsuite> <!-- day6.Properties1 -->
