<?xml version="1.0" encoding="UTF-8"?>
<!-- Generated by org.testng.reporters.JUnitReportReporter -->
<testsuite hostname="LAPTOP-NHN3ETP0" failures="0" tests="1" name="day8.BrokenLinks" time="8.489" errors="0" timestamp="2023-11-29T21:59:18 IST" skipped="0">
  <testcase classname="day8.BrokenLinks" name="TC1" time="8.489"/>
  <system-out/>
</testsuite> <!-- day8.BrokenLinks -->
