<?xml version="1.0" encoding="UTF-8"?>
<!-- Generated by org.testng.reporters.JUnitReportReporter -->
<testsuite hostname="LAPTOP-NHN3ETP0" failures="0" tests="1" name="day5.BrokenLinks" time="21.526" errors="0" timestamp="2023-06-20T19:43:08 IST" skipped="0">
  <testcase classname="day5.BrokenLinks" name="Tc1" time="21.526"/>
  <system-out/>
</testsuite> <!-- day5.BrokenLinks -->
