<?xml version="1.0" encoding="UTF-8"?>
<!-- Generated by org.testng.reporters.JUnitReportReporter -->
<testsuite hostname="LAPTOP-NHN3ETP0" failures="0" tests="1" name="day2.Frame" time="32.931" errors="0" timestamp="2023-06-16T10:43:47 IST" skipped="0">
  <testcase classname="day2.Frame" name="Tc1" time="32.931"/>
  <system-out/>
</testsuite> <!-- day2.Frame -->
