<?xml version="1.0" encoding="UTF-8"?>
<!-- Generated by org.testng.reporters.JUnitReportReporter -->
<testsuite hostname="LAPTOP-NHN3ETP0" failures="0" tests="1" name="day7.RightClick" time="7.642" errors="0" timestamp="2023-11-28T21:28:18 IST" skipped="0">
  <testcase classname="day7.RightClick" name="TC1" time="7.642"/>
  <system-out/>
</testsuite> <!-- day7.RightClick -->
