<?xml version="1.0" encoding="UTF-8"?>
<!-- Generated by org.testng.reporters.JUnitReportReporter -->
<testsuite hostname="LAPTOP-NHN3ETP0" failures="0" tests="1" name="day1.SSLCertificate" time="4.931" errors="0" timestamp="2023-06-12T14:37:29 IST" skipped="0">
  <testcase classname="day1.SSLCertificate" name="Tc1" time="4.931"/>
  <system-out/>
</testsuite> <!-- day1.SSLCertificate -->
