<?xml version="1.0" encoding="UTF-8"?>
<!-- Generated by org.testng.reporters.JUnitReportReporter -->
<testsuite hostname="LAPTOP-NHN3ETP0" failures="0" tests="1" name="Day3.Resizable" time="6.573" errors="0" timestamp="2023-06-18T22:30:12 IST" skipped="0">
  <testcase classname="Day3.Resizable" name="TC1" time="6.573"/>
  <system-out/>
</testsuite> <!-- Day3.Resizable -->
