<?xml version="1.0" encoding="UTF-8"?>
<!-- Generated by org.testng.reporters.JUnitReportReporter -->
<testsuite hostname="LAPTOP-NHN3ETP0" failures="0" tests="1" name="day6.DragAndDrop" time="6.927" errors="0" timestamp="2023-06-21T06:19:18 IST" skipped="0">
  <testcase classname="day6.DragAndDrop" name="TC1" time="6.927"/>
  <system-out/>
</testsuite> <!-- day6.DragAndDrop -->
