<?xml version="1.0" encoding="UTF-8"?>
<!-- Generated by org.testng.reporters.JUnitReportReporter -->
<testsuite hostname="LAPTOP-NHN3ETP0" failures="0" tests="1" name="day1.RightClick" time="9.680" errors="0" timestamp="2023-06-12T08:56:50 IST" skipped="0">
  <testcase classname="day1.RightClick" name="Tc1" time="9.680"/>
  <system-out/>
</testsuite> <!-- day1.RightClick -->
