<?xml version="1.0" encoding="UTF-8"?>
<!-- Generated by org.testng.reporters.JUnitReportReporter -->
<testsuite hostname="LAPTOP-NHN3ETP0" failures="0" tests="3" name="parameterization.TestParameterization" time="0.032" errors="0" timestamp="2023-06-18T00:09:34 IST" skipped="0">
  <testcase classname="parameterization.TestParameterization" name="doLogin" time="0.007"/>
  <system-out/>
  <testcase classname="parameterization.TestParameterization" name="doLogin" time="0.004"/>
  <system-out/>
  <testcase classname="parameterization.TestParameterization" name="doLogin" time="0.021"/>
  <system-out/>
</testsuite> <!-- parameterization.TestParameterization -->
