<?xml version="1.0" encoding="UTF-8"?>
<!-- Generated by org.testng.reporters.JUnitReportReporter -->
<testsuite hostname="LAPTOP-NHN3ETP0" failures="0" tests="1" name="day7.DropDown" time="12.930" errors="0" timestamp="2023-07-06T08:16:35 IST" skipped="0">
  <testcase classname="day7.DropDown" name="TC1" time="12.930"/>
  <system-out/>
</testsuite> <!-- day7.DropDown -->
