<?xml version="1.0" encoding="UTF-8"?>
<!-- Generated by org.testng.reporters.JUnitReportReporter -->
<testsuite hostname="LAPTOP-NHN3ETP0" failures="0" tests="1" name="day4.DragAndDrop" time="6.950" errors="0" timestamp="2023-06-19T21:25:39 IST" skipped="0">
  <testcase classname="day4.DragAndDrop" name="Tc1" time="6.950"/>
  <system-out/>
</testsuite> <!-- day4.DragAndDrop -->
