<?xml version="1.0" encoding="UTF-8"?>
<!-- Generated by org.testng.reporters.JUnitReportReporter -->
<testsuite hostname="LAPTOP-NHN3ETP0" failures="0" tests="2" name="day6.GroupTestNG" time="0.014" errors="0" timestamp="2023-06-21T06:59:18 IST" skipped="0">
  <testcase classname="day6.GroupTestNG" name="Tc1" time="0.010"/>
  <system-out/>
  <testcase classname="day6.GroupTestNG" name="Tc2" time="0.004"/>
  <system-out/>
</testsuite> <!-- day6.GroupTestNG -->
