<?xml version="1.0" encoding="UTF-8"?>
<!-- Generated by org.testng.reporters.JUnitReportReporter -->
<testsuite hostname="LAPTOP-NHN3ETP0" failures="0" tests="1" name="day6.FindLinksFromPage" time="11.031" errors="0" timestamp="2023-06-21T06:48:49 IST" skipped="0">
  <testcase classname="day6.FindLinksFromPage" name="Tc1" time="11.031"/>
  <system-out/>
</testsuite> <!-- day6.FindLinksFromPage -->
