<?xml version="1.0" encoding="UTF-8"?>
<!-- Generated by org.testng.reporters.JUnitReportReporter -->
<testsuite hostname="LAPTOP-NHN3ETP0" failures="0" tests="1" name="day5.popup" time="6.960" errors="0" timestamp="2023-06-20T20:22:29 IST" skipped="0">
  <testcase classname="day5.popup" name="Tc1" time="6.960"/>
  <system-out/>
</testsuite> <!-- day5.popup -->
