<?xml version="1.0" encoding="UTF-8"?>
<!-- Generated by org.testng.reporters.JUnitReportReporter -->
<testsuite hostname="LAPTOP-NHN3ETP0" failures="0" tests="1" name="day4.rightClick" time="11.125" errors="0" timestamp="2023-06-19T22:38:32 IST" skipped="0">
  <testcase classname="day4.rightClick" name="TC1" time="11.125"/>
  <system-out/>
</testsuite> <!-- day4.rightClick -->
