<?xml version="1.0" encoding="UTF-8"?>
<!-- Generated by org.testng.reporters.JUnitReportReporter -->
<testsuite hostname="LAPTOP-NHN3ETP0" failures="0" tests="1" name="day5.GroupsTestNG" time="3.661" errors="0" timestamp="2023-06-20T22:32:53 IST" skipped="0">
  <testcase classname="day5.GroupsTestNG" name="Tc2" time="3.661"/>
  <system-out/>
</testsuite> <!-- day5.GroupsTestNG -->
