<?xml version="1.0" encoding="UTF-8"?>
<!-- Generated by org.testng.reporters.JUnitReportReporter -->
<testsuite hostname="LAPTOP-NHN3ETP0" failures="0" tests="1" name="day1.Brokenlinks" time="6.567" errors="0" timestamp="2023-11-29T21:43:23 IST" skipped="0">
  <testcase classname="day1.Brokenlinks" name="Tc1" time="6.567"/>
  <system-out/>
</testsuite> <!-- day1.Brokenlinks -->
