<?xml version="1.0" encoding="UTF-8"?>
<!-- Generated by org.testng.reporters.JUnitReportReporter -->
<testsuite hostname="LAPTOP-NHN3ETP0" failures="0" tests="1" name="day4.DropDown" time="10.128" errors="0" timestamp="2023-06-19T21:29:19 IST" skipped="0">
  <testcase classname="day4.DropDown" name="Tc1" time="10.128"/>
  <system-out/>
</testsuite> <!-- day4.DropDown -->
