<?xml version="1.0" encoding="UTF-8"?>
<!-- Generated by org.testng.reporters.JUnitReportReporter -->
<testsuite hostname="LAPTOP-NHN3ETP0" failures="0" tests="1" name="Day3.Frame" time="25.422" errors="0" timestamp="2023-06-18T22:09:38 IST" skipped="0">
  <testcase classname="Day3.Frame" name="Tc1" time="25.422"/>
  <system-out/>
</testsuite> <!-- Day3.Frame -->
