<?xml version="1.0" encoding="UTF-8"?>
<!-- Generated by org.testng.reporters.JUnitReportReporter -->
<testsuite hostname="LAPTOP-NHN3ETP0" failures="0" tests="3" name="parameterization.TestPar" time="0.012" errors="0" timestamp="2023-06-18T15:05:12 IST" skipped="0">
  <testcase classname="parameterization.TestPar" name="Tc1" time="0.002"/>
  <system-out/>
  <testcase classname="parameterization.TestPar" name="Tc1" time="0.008"/>
  <system-out/>
  <testcase classname="parameterization.TestPar" name="Tc1" time="0.002"/>
  <system-out/>
</testsuite> <!-- parameterization.TestPar -->
