<?xml version="1.0" encoding="UTF-8"?>
<!-- Generated by org.testng.reporters.JUnitReportReporter -->
<testsuite hostname="LAPTOP-NHN3ETP0" failures="0" tests="1" name="day5.DragAndDrop" time="12.506" errors="0" timestamp="2023-06-20T19:49:22 IST" skipped="0">
  <testcase classname="day5.DragAndDrop" name="TC1" time="12.506"/>
  <system-out/>
</testsuite> <!-- day5.DragAndDrop -->
