<?xml version="1.0" encoding="UTF-8"?>
<!-- Generated by org.testng.reporters.JUnitReportReporter -->
<testsuite hostname="LAPTOP-NHN3ETP0" failures="0" tests="1" name="day7.Frames" time="73.659" errors="0" timestamp="2023-11-28T21:20:13 IST" skipped="0">
  <testcase classname="day7.Frames" name="Tc1" time="73.659"/>
  <system-out/>
</testsuite> <!-- day7.Frames -->
