<?xml version="1.0" encoding="UTF-8"?>
<!-- Generated by org.testng.reporters.JUnitReportReporter -->
<testsuite hostname="LAPTOP-NHN3ETP0" failures="0" tests="1" name="Day3.DropDown" time="11.028" errors="0" timestamp="2023-06-18T21:57:48 IST" skipped="0">
  <testcase classname="Day3.DropDown" name="Tc1" time="11.028"/>
  <system-out/>
</testsuite> <!-- Day3.DropDown -->
