<?xml version="1.0" encoding="UTF-8"?>
<!-- Generated by org.testng.reporters.JUnitReportReporter -->
<testsuite hostname="LAPTOP-NHN3ETP0" failures="0" tests="1" name="day2.DropDown" time="8.929" errors="0" timestamp="2023-06-16T10:13:12 IST" skipped="0">
  <testcase classname="day2.DropDown" name="Tc1" time="8.929"/>
  <system-out/>
</testsuite> <!-- day2.DropDown -->
