<?xml version="1.0" encoding="UTF-8"?>
<!-- Generated by org.testng.reporters.JUnitReportReporter -->
<testsuite hostname="LAPTOP-NHN3ETP0" failures="0" tests="1" name="day2.Screenshot" time="22.151" errors="0" timestamp="2023-06-16T12:07:55 IST" skipped="0">
  <testcase classname="day2.Screenshot" name="Tc1" time="22.151"/>
  <system-out/>
</testsuite> <!-- day2.Screenshot -->
