<?xml version="1.0" encoding="UTF-8"?>
<!-- Generated by org.testng.reporters.JUnitReportReporter -->
<testsuite hostname="LAPTOP-NHN3ETP0" failures="0" tests="1" name="day1.Frame" time="44.001" errors="0" timestamp="2023-06-11T21:59:54 IST" skipped="0">
  <testcase classname="day1.Frame" name="Tc1" time="44.001"/>
  <system-out/>
</testsuite> <!-- day1.Frame -->
