<?xml version="1.0" encoding="UTF-8"?>
<!-- Generated by org.testng.reporters.JUnitReportReporter -->
<testsuite hostname="LAPTOP-NHN3ETP0" failures="0" tests="1" name="day1.Screenshot" time="12.820" errors="0" timestamp="2023-06-12T09:48:10 IST" skipped="0">
  <testcase classname="day1.Screenshot" name="TC1" time="12.820"/>
  <system-out/>
</testsuite> <!-- day1.Screenshot -->
