<?xml version="1.0" encoding="UTF-8"?>
<!-- Generated by org.testng.reporters.JUnitReportReporter -->
<testsuite hostname="LAPTOP-NHN3ETP0" failures="0" tests="1" name="day4.popup" time="6.238" errors="0" timestamp="2023-06-19T22:29:33 IST" skipped="0">
  <testcase classname="day4.popup" name="Tc1" time="6.238"/>
  <system-out/>
</testsuite> <!-- day4.popup -->
