<?xml version="1.0" encoding="UTF-8"?>
<!-- Generated by org.testng.reporters.JUnitReportReporter -->
<testsuite hostname="LAPTOP-NHN3ETP0" failures="0" tests="1" name="day6.Resize" time="6.790" errors="0" timestamp="2023-06-21T08:01:49 IST" skipped="0">
  <testcase classname="day6.Resize" name="Tc1" time="6.790"/>
  <system-out/>
</testsuite> <!-- day6.Resize -->
