<?xml version="1.0" encoding="UTF-8"?>
<!-- Generated by org.testng.reporters.JUnitReportReporter -->
<testsuite hostname="LAPTOP-NHN3ETP0" failures="0" tests="1" name="day7.DragAndDrop" time="4.444" errors="0" timestamp="2023-11-28T20:52:09 IST" skipped="0">
  <testcase classname="day7.DragAndDrop" name="dragandDrop" time="4.444"/>
  <system-out/>
</testsuite> <!-- day7.DragAndDrop -->
