<?xml version="1.0" encoding="UTF-8"?>
<!-- Generated by org.testng.reporters.JUnitReportReporter -->
<testsuite hostname="LAPTOP-NHN3ETP0" failures="0" tests="1" name="day1.TestbasicAuth" time="12.596" errors="0" timestamp="2023-10-16T19:19:28 IST" skipped="0">
  <testcase classname="day1.TestbasicAuth" name="TC1" time="12.596"/>
</testsuite> <!-- day1.TestbasicAuth -->
