<?xml version="1.0" encoding="UTF-8"?>
<!-- Generated by org.testng.reporters.JUnitReportReporter -->
<testsuite hostname="LAPTOP-NHN3ETP0" failures="0" tests="3" name="day6.Parame" time="0.013" errors="0" timestamp="2023-06-21T10:04:31 IST" skipped="0">
  <testcase classname="day6.Parame" name="Tc1" time="0.002"/>
  <system-out/>
  <testcase classname="day6.Parame" name="Tc1" time="0.009"/>
  <system-out/>
  <testcase classname="day6.Parame" name="Tc1" time="0.002"/>
  <system-out/>
</testsuite> <!-- day6.Parame -->
