<?xml version="1.0" encoding="UTF-8"?>
<!-- Generated by org.testng.reporters.JUnitReportReporter -->
<testsuite hostname="LAPTOP-NHN3ETP0" failures="0" tests="1" name="doubt.Day1" time="11.172" errors="0" timestamp="2023-08-13T16:21:56 IST" skipped="0">
  <testcase classname="doubt.Day1" name="Tc1" time="11.172"/>
</testsuite> <!-- doubt.Day1 -->
