<?xml version="1.0" encoding="UTF-8"?>
<!-- Generated by org.testng.reporters.JUnitReportReporter -->
<testsuite hostname="LAPTOP-NHN3ETP0" failures="0" tests="3" name="parameterization.TestParameterization1" time="0.019" errors="0" timestamp="2023-06-18T09:59:05 IST" skipped="0">
  <testcase classname="parameterization.TestParameterization1" name="doLogin" time="0.007"/>
  <system-out/>
  <testcase classname="parameterization.TestParameterization1" name="doLogin" time="0.003"/>
  <system-out/>
  <testcase classname="parameterization.TestParameterization1" name="doLogin" time="0.009"/>
  <system-out/>
</testsuite> <!-- parameterization.TestParameterization1 -->
