<?xml version="1.0" encoding="UTF-8"?>
<!-- Generated by org.testng.reporters.JUnitReportReporter -->
<testsuite hostname="LAPTOP-NHN3ETP0" failures="0" tests="1" name="day6.mouseHover" time="8.435" errors="0" timestamp="2023-06-21T07:13:34 IST" skipped="0">
  <testcase classname="day6.mouseHover" name="Tc1" time="8.435"/>
  <system-out/>
</testsuite> <!-- day6.mouseHover -->
