<?xml version="1.0" encoding="UTF-8"?>
<!-- Generated by org.testng.reporters.JUnitReportReporter -->
<testsuite hostname="LAPTOP-NHN3ETP0" failures="0" tests="1" name="Day3.MouseHover" time="14.968" errors="0" timestamp="2023-06-18T22:12:36 IST" skipped="0">
  <testcase classname="Day3.MouseHover" name="Tc1" time="14.968"/>
  <system-out/>
</testsuite> <!-- Day3.MouseHover -->
