<?xml version="1.0" encoding="UTF-8"?>
<!-- Generated by org.testng.reporters.JUnitReportReporter -->
<testsuite hostname="LAPTOP-NHN3ETP0" failures="0" tests="1" name="day5.Frame" time="28.710" errors="0" timestamp="2023-06-20T20:16:24 IST" skipped="0">
  <testcase classname="day5.Frame" name="TC1" time="28.710"/>
  <system-out/>
</testsuite> <!-- day5.Frame -->
