<?xml version="1.0" encoding="UTF-8"?>
<!-- Generated by org.testng.reporters.JUnitReportReporter -->
<testsuite hostname="LAPTOP-NHN3ETP0" failures="0" tests="1" name="Day3.RightClick" time="8.313" errors="0" timestamp="2023-06-18T22:34:05 IST" skipped="0">
  <testcase classname="Day3.RightClick" name="Tc1" time="8.313"/>
  <system-out/>
</testsuite> <!-- Day3.RightClick -->
