<?xml version="1.0" encoding="UTF-8"?>
<!-- Generated by org.testng.reporters.JUnitReportReporter -->
<testsuite hostname="LAPTOP-NHN3ETP0" failures="0" tests="1" name="day4.MouseHover" time="6.788" errors="0" timestamp="2023-06-19T22:26:23 IST" skipped="0">
  <testcase classname="day4.MouseHover" name="TC1" time="6.788"/>
  <system-out/>
</testsuite> <!-- day4.MouseHover -->
