<?xml version="1.0" encoding="UTF-8"?>
<!-- Generated by org.testng.reporters.JUnitReportReporter -->
<testsuite hostname="LAPTOP-NHN3ETP0" failures="0" tests="1" name="Day3.FindLinksFromDropdown" time="7.246" errors="0" timestamp="2023-06-18T22:03:04 IST" skipped="0">
  <testcase classname="Day3.FindLinksFromDropdown" name="Tc1" time="7.246"/>
  <system-out/>
</testsuite> <!-- Day3.FindLinksFromDropdown -->
