<?xml version="1.0" encoding="UTF-8"?>
<!-- Generated by org.testng.reporters.JUnitReportReporter -->
<testsuite hostname="LAPTOP-NHN3ETP0" failures="0" tests="3" name="day5.Para" time="0.010" errors="0" timestamp="2023-06-20T22:19:50 IST" skipped="0">
  <testcase classname="day5.Para" name="Tc1" time="0.002"/>
  <system-out/>
  <testcase classname="day5.Para" name="Tc1" time="0.006"/>
  <system-out/>
  <testcase classname="day5.Para" name="Tc1" time="0.002"/>
  <system-out/>
</testsuite> <!-- day5.Para -->
