<?xml version="1.0" encoding="UTF-8"?>
<!-- Generated by org.testng.reporters.JUnitReportReporter -->
<testsuite hostname="LAPTOP-NHN3ETP0" failures="0" tests="1" name="day6.FindLinksFromDropdwon" time="7.033" errors="0" timestamp="2023-06-21T06:38:15 IST" skipped="0">
  <testcase classname="day6.FindLinksFromDropdwon" name="TC1" time="7.033"/>
  <system-out/>
</testsuite> <!-- day6.FindLinksFromDropdwon -->
