<?xml version="1.0" encoding="UTF-8"?>
<!-- Generated by org.testng.reporters.JUnitReportReporter -->
<testsuite hostname="LAPTOP-NHN3ETP0" failures="0" tests="1" name="day5.DropDown" time="9.799" errors="0" timestamp="2023-06-20T19:51:59 IST" skipped="0">
  <testcase classname="day5.DropDown" name="TC1" time="9.799"/>
  <system-out/>
</testsuite> <!-- day5.DropDown -->
