<?xml version="1.0" encoding="UTF-8"?>
<!-- Generated by org.testng.reporters.JUnitReportReporter -->
<testsuite hostname="LAPTOP-NHN3ETP0" failures="0" tests="3" name="day7.param" time="0.016" errors="0" timestamp="2023-07-06T11:41:18 IST" skipped="0">
  <testcase classname="day7.param" name="Tc1" time="0.005"/>
  <system-out/>
  <testcase classname="day7.param" name="Tc1" time="0.004"/>
  <system-out/>
  <testcase classname="day7.param" name="Tc1" time="0.007"/>
  <system-out/>
</testsuite> <!-- day7.param -->
