<?xml version="1.0" encoding="UTF-8"?>
<!-- Generated by org.testng.reporters.JUnitReportReporter -->
<testsuite hostname="LAPTOP-NHN3ETP0" failures="0" tests="1" name="day1.Resizeable" time="7.142" errors="0" timestamp="2023-06-12T08:53:31 IST" skipped="0">
  <testcase classname="day1.Resizeable" name="Tc1" time="7.142"/>
  <system-out/>
</testsuite> <!-- day1.Resizeable -->
