<?xml version="1.0" encoding="UTF-8"?>
<!-- Generated by org.testng.reporters.JUnitReportReporter -->
<testsuite hostname="LAPTOP-NHN3ETP0" failures="0" tests="1" name="day8.FindDropDowns" time="5.199" errors="0" timestamp="2023-11-29T21:03:19 IST" skipped="0">
  <testcase classname="day8.FindDropDowns" name="Tc1" time="5.199"/>
  <system-out/>
</testsuite> <!-- day8.FindDropDowns -->
