<?xml version="1.0" encoding="UTF-8"?>
<!-- Generated by org.testng.reporters.JUnitReportReporter -->
<testsuite hostname="LAPTOP-NHN3ETP0" failures="0" tests="1" name="day7.Brokenlinks" time="9.231" errors="0" timestamp="2023-11-28T20:48:35 IST" skipped="0">
  <testcase classname="day7.Brokenlinks" name="TC1" time="9.231"/>
  <system-out/>
</testsuite> <!-- day7.Brokenlinks -->
