<?xml version="1.0" encoding="UTF-8"?>
<!-- Generated by org.testng.reporters.JUnitReportReporter -->
<testsuite hostname="LAPTOP-NHN3ETP0" failures="0" tests="1" name="day4.Resizeable" time="7.211" errors="0" timestamp="2023-06-19T22:35:47 IST" skipped="0">
  <testcase classname="day4.Resizeable" name="Tc1" time="7.211"/>
  <system-out/>
</testsuite> <!-- day4.Resizeable -->
