<?xml version="1.0" encoding="UTF-8"?>
<!-- Generated by org.testng.reporters.JUnitReportReporter -->
<testsuite hostname="LAPTOP-NHN3ETP0" failures="0" tests="1" name="day8.FindLinks" time="7.820" errors="0" timestamp="2023-11-29T20:54:53 IST" skipped="0">
  <testcase classname="day8.FindLinks" name="TC1" time="7.820"/>
  <system-out/>
</testsuite> <!-- day8.FindLinks -->
