<?xml version="1.0" encoding="UTF-8"?>
<!-- Generated by org.testng.reporters.JUnitReportReporter -->
<testsuite hostname="LAPTOP-NHN3ETP0" failures="0" tests="1" name="day5.Screenshot" time="13.923" errors="0" timestamp="2023-06-20T20:35:14 IST" skipped="0">
  <testcase classname="day5.Screenshot" name="Tc1" time="13.923"/>
  <system-out/>
</testsuite> <!-- day5.Screenshot -->
