<?xml version="1.0" encoding="UTF-8"?>
<!-- Generated by org.testng.reporters.JUnitReportReporter -->
<testsuite hostname="LAPTOP-NHN3ETP0" failures="0" tests="1" name="day4.BrokenLinks" time="23.982" errors="0" timestamp="2023-06-19T21:12:35 IST" skipped="0">
  <testcase classname="day4.BrokenLinks" name="Tc1" time="23.982"/>
  <system-out/>
</testsuite> <!-- day4.BrokenLinks -->
