<?xml version="1.0" encoding="UTF-8"?>
<!-- Generated by org.testng.reporters.JUnitReportReporter -->
<testsuite hostname="LAPTOP-NHN3ETP0" failures="0" tests="1" name="day2.Rightclick" time="8.338" errors="0" timestamp="2023-06-16T11:41:46 IST" skipped="0">
  <testcase classname="day2.Rightclick" name="Tc1" time="8.338"/>
  <system-out/>
</testsuite> <!-- day2.Rightclick -->
