<?xml version="1.0" encoding="UTF-8"?>
<!-- Generated by org.testng.reporters.JUnitReportReporter -->
<testsuite hostname="LAPTOP-NHN3ETP0" failures="0" tests="3" name="Day3.Paramerization1" time="0.020" errors="0" timestamp="2023-06-19T07:23:34 IST" skipped="0">
  <testcase classname="Day3.Paramerization1" name="Tc1" time="0.009"/>
  <system-out/>
  <testcase classname="Day3.Paramerization1" name="Tc1" time="0.008"/>
  <system-out/>
  <testcase classname="Day3.Paramerization1" name="Tc1" time="0.003"/>
  <system-out/>
</testsuite> <!-- Day3.Paramerization1 -->
