<?xml version="1.0" encoding="UTF-8"?>
<!-- Generated by org.testng.reporters.JUnitReportReporter -->
<testsuite hostname="LAPTOP-NHN3ETP0" failures="0" tests="1" name="Day3.Screenshot" time="26.124" errors="0" timestamp="2023-06-18T22:43:31 IST" skipped="0">
  <testcase classname="Day3.Screenshot" name="Tc1" time="26.124"/>
  <system-out/>
</testsuite> <!-- Day3.Screenshot -->
