<?xml version="1.0" encoding="UTF-8"?>
<!-- Generated by org.testng.reporters.JUnitReportReporter -->
<testsuite hostname="LAPTOP-NHN3ETP0" failures="0" tests="1" name="day6.Frame" time="40.137" errors="0" timestamp="2023-06-21T06:53:00 IST" skipped="0">
  <testcase classname="day6.Frame" name="Tc1" time="40.137"/>
  <system-out/>
</testsuite> <!-- day6.Frame -->
