<?xml version="1.0" encoding="UTF-8"?>
<!-- Generated by org.testng.reporters.JUnitReportReporter -->
<testsuite hostname="LAPTOP-NHN3ETP0" failures="0" tests="1" name="day2.DragAndDrop" time="7.586" errors="0" timestamp="2023-06-16T10:09:06 IST" skipped="0">
  <testcase classname="day2.DragAndDrop" name="TC1" time="7.586"/>
  <system-out/>
</testsuite> <!-- day2.DragAndDrop -->
