<?xml version="1.0" encoding="UTF-8"?>
<!-- Generated by org.testng.reporters.JUnitReportReporter -->
<testsuite hostname="LAPTOP-NHN3ETP0" failures="0" tests="1" name="day7.MouseHover" time="5.704" errors="0" timestamp="2023-11-28T21:24:07 IST" skipped="0">
  <testcase classname="day7.MouseHover" name="TC1" time="5.704"/>
  <system-out/>
</testsuite> <!-- day7.MouseHover -->
