<?xml version="1.0" encoding="UTF-8"?>
<!-- Generated by org.testng.reporters.JUnitReportReporter -->
<testsuite hostname="LAPTOP-NHN3ETP0" failures="0" tests="1" name="day7.popup" time="5.108" errors="0" timestamp="2023-07-06T11:45:14 IST" skipped="0">
  <testcase classname="day7.popup" name="Tc1" time="5.108"/>
  <system-out/>
</testsuite> <!-- day7.popup -->
