<?xml version="1.0" encoding="UTF-8"?>
<!-- Generated by org.testng.reporters.JUnitReportReporter -->
<testsuite hostname="LAPTOP-NHN3ETP0" failures="0" tests="1" name="day2.BrokenLinks" time="18.430" errors="0" timestamp="2023-06-16T09:41:18 IST" skipped="0">
  <testcase classname="day2.BrokenLinks" name="Tc1" time="18.430"/>
  <system-out/>
</testsuite> <!-- day2.BrokenLinks -->
