<?xml version="1.0" encoding="UTF-8"?>
<!-- Generated by org.testng.reporters.JUnitReportReporter -->
<testsuite hostname="LAPTOP-NHN3ETP0" failures="0" tests="1" name="day1.TabsAndPopups" time="16.452" errors="0" timestamp="2023-06-18T22:58:39 IST" skipped="0">
  <testcase classname="day1.TabsAndPopups" name="Tc1" time="16.452"/>
  <system-out/>
</testsuite> <!-- day1.TabsAndPopups -->
