<?xml version="1.0" encoding="UTF-8"?>
<!-- Generated by org.testng.reporters.JUnitReportReporter -->
<testsuite hostname="LAPTOP-NHN3ETP0" failures="0" tests="1" name="day2.Popup" time="15.691" errors="0" timestamp="2023-06-16T11:28:07 IST" skipped="0">
  <testcase classname="day2.Popup" name="Tc1" time="15.691"/>
  <system-out/>
</testsuite> <!-- day2.Popup -->
