<?xml version="1.0" encoding="UTF-8"?>
<!-- Generated by org.testng.reporters.JUnitReportReporter -->
<testsuite hostname="LAPTOP-NHN3ETP0" failures="0" tests="1" name="day6.Dropdown" time="9.100" errors="0" timestamp="2023-06-21T06:21:47 IST" skipped="0">
  <testcase classname="day6.Dropdown" name="Tc1" time="9.100"/>
  <system-out/>
</testsuite> <!-- day6.Dropdown -->
